21-May-2018 11:36:02.069 INFO [main] sun.reflect.NativeMethodAccessorImpl.invoke Server version:        Apache Tomcat (TomEE)/8.5.3 (7.0.1)
21-May-2018 11:36:02.070 INFO [main] sun.reflect.NativeMethodAccessorImpl.invoke Server built:          Jun 9 2016 11:16:29 UTC
21-May-2018 11:36:02.070 INFO [main] sun.reflect.NativeMethodAccessorImpl.invoke Server number:         8.5.3.0
21-May-2018 11:36:02.070 INFO [main] sun.reflect.NativeMethodAccessorImpl.invoke OS Name:               Mac OS X
21-May-2018 11:36:02.071 INFO [main] sun.reflect.NativeMethodAccessorImpl.invoke OS Version:            10.13.4
21-May-2018 11:36:02.071 INFO [main] sun.reflect.NativeMethodAccessorImpl.invoke Architecture:          x86_64
21-May-2018 11:36:02.071 INFO [main] sun.reflect.NativeMethodAccessorImpl.invoke Java Home:             /Library/Java/JavaVirtualMachines/jdk1.8.0_40.jdk/Contents/Home/jre
21-May-2018 11:36:02.071 INFO [main] sun.reflect.NativeMethodAccessorImpl.invoke JVM Version:           1.8.0_40-b25
21-May-2018 11:36:02.071 INFO [main] sun.reflect.NativeMethodAccessorImpl.invoke JVM Vendor:            Oracle Corporation
21-May-2018 11:36:02.071 INFO [main] sun.reflect.NativeMethodAccessorImpl.invoke CATALINA_BASE:         /Users/asmitagosavi/Downloads/javaee7-angular-master/target/apache-tomee
21-May-2018 11:36:02.071 INFO [main] sun.reflect.NativeMethodAccessorImpl.invoke CATALINA_HOME:         /Users/asmitagosavi/Downloads/javaee7-angular-master/target/apache-tomee
21-May-2018 11:36:02.076 INFO [main] sun.reflect.NativeMethodAccessorImpl.invoke Command line argument: -XX:+HeapDumpOnOutOfMemoryError
21-May-2018 11:36:02.076 INFO [main] sun.reflect.NativeMethodAccessorImpl.invoke Command line argument: -Djavax.persistence.provider=org.hibernate.jpa.HibernatePersistenceProvider
21-May-2018 11:36:02.076 INFO [main] sun.reflect.NativeMethodAccessorImpl.invoke Command line argument: -Dorg.apache.catalina.STRICT_SERVLET_COMPLIANCE=false
21-May-2018 11:36:02.076 INFO [main] sun.reflect.NativeMethodAccessorImpl.invoke Command line argument: -Dopenejb.session.manager=org.apache.tomee.catalina.session.QuickSessionManager
21-May-2018 11:36:02.077 INFO [main] sun.reflect.NativeMethodAccessorImpl.invoke Command line argument: -Dtomee.remote.support=true
21-May-2018 11:36:02.077 INFO [main] sun.reflect.DelegatingMethodAccessorImpl.invoke Command line argument: -Dopenejb.system.apps=false
21-May-2018 11:36:02.077 INFO [main] sun.reflect.DelegatingMethodAccessorImpl.invoke Command line argument: -Dtomee.jsp-development=true
21-May-2018 11:36:02.077 INFO [main] sun.reflect.DelegatingMethodAccessorImpl.invoke Command line argument: -Djava.util.logging.config.file=/Users/asmitagosavi/Downloads/javaee7-angular-master/target/apache-tomee/conf/logging.properties
21-May-2018 11:36:02.077 INFO [main] sun.reflect.DelegatingMethodAccessorImpl.invoke Command line argument: -javaagent:/Users/asmitagosavi/Downloads/javaee7-angular-master/target/apache-tomee/lib/openejb-javaagent.jar
21-May-2018 11:36:02.081 INFO [main] sun.reflect.DelegatingMethodAccessorImpl.invoke Command line argument: -Djava.util.logging.manager=org.apache.juli.ClassLoaderLogManager
21-May-2018 11:36:02.081 INFO [main] sun.reflect.DelegatingMethodAccessorImpl.invoke Command line argument: -Djava.io.tmpdir=/Users/asmitagosavi/Downloads/javaee7-angular-master/target/apache-tomee/temp
21-May-2018 11:36:02.081 INFO [main] sun.reflect.DelegatingMethodAccessorImpl.invoke Command line argument: -Djava.endorsed.dirs=/Users/asmitagosavi/Downloads/javaee7-angular-master/target/apache-tomee/endorsed
21-May-2018 11:36:02.082 INFO [main] sun.reflect.DelegatingMethodAccessorImpl.invoke Command line argument: -Dcatalina.base=/Users/asmitagosavi/Downloads/javaee7-angular-master/target/apache-tomee
21-May-2018 11:36:02.083 INFO [main] sun.reflect.DelegatingMethodAccessorImpl.invoke Command line argument: -Dcatalina.home=/Users/asmitagosavi/Downloads/javaee7-angular-master/target/apache-tomee
21-May-2018 11:36:02.083 INFO [main] sun.reflect.DelegatingMethodAccessorImpl.invoke Command line argument: -Dcatalina.ext.dirs=/Users/asmitagosavi/Downloads/javaee7-angular-master/target/apache-tomee/lib
21-May-2018 11:36:02.084 INFO [main] sun.reflect.DelegatingMethodAccessorImpl.invoke Command line argument: -Dorg.apache.tomcat.util.http.ServerCookie.ALLOW_HTTP_SEPARATORS_IN_V0=true
21-May-2018 11:36:02.085 INFO [main] sun.reflect.DelegatingMethodAccessorImpl.invoke Command line argument: -ea
21-May-2018 11:36:02.086 INFO [main] sun.reflect.DelegatingMethodAccessorImpl.invoke The APR based Apache Tomcat Native library which allows optimal performance in production environments was not found on the java.library.path: /Users/asmitagosavi/Library/Java/Extensions:/Library/Java/Extensions:/Network/Library/Java/Extensions:/System/Library/Java/Extensions:/usr/lib/java:.
21-May-2018 11:36:02.342 INFO [main] sun.reflect.DelegatingMethodAccessorImpl.invoke Initializing ProtocolHandler ["http-nio-8080"]
21-May-2018 11:36:02.427 INFO [main] sun.reflect.DelegatingMethodAccessorImpl.invoke Using a shared selector for servlet write/read
21-May-2018 11:36:02.432 INFO [main] sun.reflect.DelegatingMethodAccessorImpl.invoke Initializing ProtocolHandler ["ajp-nio-8009"]
21-May-2018 11:36:02.434 INFO [main] sun.reflect.DelegatingMethodAccessorImpl.invoke Using a shared selector for servlet write/read
21-May-2018 11:36:02.814 INFO [main] org.apache.openejb.util.OptionsLog.info Using 'tomee.remote.support=true'
21-May-2018 11:36:02.825 INFO [main] org.apache.openejb.util.OptionsLog.info Using 'openejb.jdbc.datasource-creator=org.apache.tomee.jdbc.TomEEDataSourceCreator'
21-May-2018 11:36:02.956 INFO [main] org.apache.openejb.OpenEJB$Instance.<init> ********************************************************************************
21-May-2018 11:36:02.956 INFO [main] org.apache.openejb.OpenEJB$Instance.<init> OpenEJB http://tomee.apache.org/
21-May-2018 11:36:02.956 INFO [main] org.apache.openejb.OpenEJB$Instance.<init> Startup: Mon May 21 11:36:02 EDT 2018
21-May-2018 11:36:02.957 INFO [main] org.apache.openejb.OpenEJB$Instance.<init> Copyright 1999-2016 (C) Apache OpenEJB Project, All Rights Reserved.
21-May-2018 11:36:02.957 INFO [main] org.apache.openejb.OpenEJB$Instance.<init> Version: 7.0.1
21-May-2018 11:36:02.958 INFO [main] org.apache.openejb.OpenEJB$Instance.<init> Build date: 20160623
21-May-2018 11:36:02.959 INFO [main] org.apache.openejb.OpenEJB$Instance.<init> Build time: 12:04
21-May-2018 11:36:02.959 INFO [main] org.apache.openejb.OpenEJB$Instance.<init> ********************************************************************************
21-May-2018 11:36:02.960 INFO [main] org.apache.openejb.OpenEJB$Instance.<init> openejb.home = /Users/asmitagosavi/Downloads/javaee7-angular-master/target/apache-tomee
21-May-2018 11:36:02.961 INFO [main] org.apache.openejb.OpenEJB$Instance.<init> openejb.base = /Users/asmitagosavi/Downloads/javaee7-angular-master/target/apache-tomee
21-May-2018 11:36:02.962 INFO [main] org.apache.openejb.cdi.CdiBuilder.initializeOWB Created new singletonService org.apache.openejb.cdi.ThreadSingletonServiceImpl@1a052a00
21-May-2018 11:36:02.962 INFO [main] org.apache.openejb.cdi.CdiBuilder.initializeOWB Succeeded in installing singleton service
21-May-2018 11:36:03.013 INFO [main] org.apache.openejb.config.ConfigurationFactory.init TomEE configuration file is '/Users/asmitagosavi/Downloads/javaee7-angular-master/target/apache-tomee/conf/tomee.xml'
21-May-2018 11:36:03.076 INFO [main] org.apache.openejb.config.ConfigurationFactory.configureService Configuring Service(id=Tomcat Security Service, type=SecurityService, provider-id=Tomcat Security Service)
21-May-2018 11:36:03.078 INFO [main] org.apache.openejb.config.ConfigurationFactory.configureService Configuring Service(id=Default Transaction Manager, type=TransactionManager, provider-id=Default Transaction Manager)
21-May-2018 11:36:03.081 INFO [main] org.apache.openejb.util.OptionsLog.info Using 'openejb.system.apps=false'
21-May-2018 11:36:03.082 INFO [main] org.apache.openejb.util.OptionsLog.info Using 'openejb.deployments.classpath=false'
21-May-2018 11:36:03.085 INFO [main] org.apache.openejb.assembler.classic.Assembler.createRecipe Creating TransactionManager(id=Default Transaction Manager)
21-May-2018 11:36:03.171 INFO [main] org.apache.openejb.assembler.classic.Assembler.createRecipe Creating SecurityService(id=Tomcat Security Service)
21-May-2018 11:36:03.284 INFO [main] org.apache.openejb.server.ServiceManager.initServer Creating ServerService(id=cxf-rs)
21-May-2018 11:36:03.556 INFO [main] org.apache.openejb.server.SimpleServiceManager.start   ** Bound Services **
21-May-2018 11:36:03.556 INFO [main] org.apache.openejb.server.SimpleServiceManager.printRow   NAME                 IP              PORT  
21-May-2018 11:36:03.556 INFO [main] org.apache.openejb.server.SimpleServiceManager.start -------
21-May-2018 11:36:03.556 INFO [main] org.apache.openejb.server.SimpleServiceManager.start Ready!
21-May-2018 11:36:03.557 INFO [main] sun.reflect.DelegatingMethodAccessorImpl.invoke Initialization processed in 2089 ms
21-May-2018 11:36:03.585 INFO [main] org.apache.tomee.catalina.OpenEJBNamingContextListener.bindResource Importing a Tomcat Resource with id 'UserDatabase' of type 'org.apache.catalina.UserDatabase'.
21-May-2018 11:36:03.586 INFO [main] org.apache.openejb.assembler.classic.Assembler.createRecipe Creating Resource(id=UserDatabase)
21-May-2018 11:36:03.591 INFO [main] sun.reflect.DelegatingMethodAccessorImpl.invoke Starting service Catalina
21-May-2018 11:36:03.592 INFO [main] sun.reflect.DelegatingMethodAccessorImpl.invoke Starting Servlet Engine: Apache Tomcat (TomEE)/8.5.3 (7.0.1)
21-May-2018 11:36:03.615 INFO [localhost-startStop-1] sun.reflect.DelegatingMethodAccessorImpl.invoke Deploying web application archive /Users/asmitagosavi/Downloads/javaee7-angular-master/target/apache-tomee/webapps/javaee7-angular.war
21-May-2018 11:36:03.624 INFO [localhost-startStop-1] org.apache.tomee.catalina.TomcatWebAppBuilder.init ------------------------- localhost -> /javaee7-angular
21-May-2018 11:36:03.626 INFO [localhost-startStop-1] org.apache.openejb.util.JarExtractor.extract Extracting jar: /Users/asmitagosavi/Downloads/javaee7-angular-master/target/apache-tomee/webapps/javaee7-angular.war
21-May-2018 11:36:03.650 INFO [localhost-startStop-1] org.apache.openejb.util.JarExtractor.extract Extracted path: /Users/asmitagosavi/Downloads/javaee7-angular-master/target/apache-tomee/webapps/javaee7-angular
21-May-2018 11:36:03.651 INFO [localhost-startStop-1] org.apache.openejb.util.OptionsLog.info Using 'openejb.session.manager=org.apache.tomee.catalina.session.QuickSessionManager'
21-May-2018 11:36:03.894 INFO [localhost-startStop-1] org.apache.openejb.config.ConfigurationFactory.configureApplication Configuring enterprise application: /Users/asmitagosavi/Downloads/javaee7-angular-master/target/apache-tomee/webapps/javaee7-angular
21-May-2018 11:36:04.131 INFO [localhost-startStop-1] org.apache.openejb.config.InitEjbDeployments.deploy Auto-deploying ejb PersonResource: EjbDeployment(deployment-id=PersonResource)
21-May-2018 11:36:04.134 INFO [localhost-startStop-1] org.apache.openejb.config.ConfigurationFactory.configureService Configuring Service(id=Default Managed Container, type=Container, provider-id=Default Managed Container)
21-May-2018 11:36:04.134 INFO [localhost-startStop-1] org.apache.openejb.config.AutoConfig.createContainer Auto-creating a container for bean javaee7-angular.Comp1067090534: Container(type=MANAGED, id=Default Managed Container)
21-May-2018 11:36:04.135 INFO [localhost-startStop-1] org.apache.openejb.assembler.classic.Assembler.createRecipe Creating Container(id=Default Managed Container)
21-May-2018 11:36:04.142 INFO [localhost-startStop-1] org.apache.openejb.core.managed.SimplePassivater.init Using directory /Users/asmitagosavi/Downloads/javaee7-angular-master/target/apache-tomee/temp for stateful session passivation
21-May-2018 11:36:04.152 INFO [localhost-startStop-1] org.apache.openejb.config.ConfigurationFactory.configureService Configuring Service(id=Default Stateless Container, type=Container, provider-id=Default Stateless Container)
21-May-2018 11:36:04.153 INFO [localhost-startStop-1] org.apache.openejb.config.AutoConfig.createContainer Auto-creating a container for bean PersonResource: Container(type=STATELESS, id=Default Stateless Container)
21-May-2018 11:36:04.153 INFO [localhost-startStop-1] org.apache.openejb.assembler.classic.Assembler.createRecipe Creating Container(id=Default Stateless Container)
21-May-2018 11:36:04.166 INFO [localhost-startStop-1] org.apache.openejb.config.AutoConfig.deploy Configuring PersistenceUnit(name=myPU)
21-May-2018 11:36:04.169 INFO [localhost-startStop-1] org.apache.openejb.config.ConfigurationFactory.configureService Configuring Service(id=Default JDBC Database, type=Resource, provider-id=Default JDBC Database)
21-May-2018 11:36:04.169 INFO [localhost-startStop-1] org.apache.openejb.config.AutoConfig.logAutoCreateResource Auto-creating a Resource with id 'Default JDBC Database' of type 'DataSource for 'myPU'.
21-May-2018 11:36:04.170 INFO [localhost-startStop-1] org.apache.openejb.assembler.classic.Assembler.createRecipe Creating Resource(id=Default JDBC Database)
21-May-2018 11:36:04.555 INFO [localhost-startStop-1] org.hsqldb.persist.Logger.logInfoEvent Checkpoint start
21-May-2018 11:36:04.556 INFO [localhost-startStop-1] org.hsqldb.persist.Logger.logInfoEvent checkpointClose start
21-May-2018 11:36:04.567 INFO [localhost-startStop-1] org.hsqldb.persist.Logger.logInfoEvent checkpointClose end
21-May-2018 11:36:04.568 INFO [localhost-startStop-1] org.hsqldb.persist.Logger.logInfoEvent Checkpoint end - txts: 1
21-May-2018 11:36:04.590 INFO [localhost-startStop-1] org.apache.openejb.config.ConfigurationFactory.configureService Configuring Service(id=Default Unmanaged JDBC Database, type=Resource, provider-id=Default Unmanaged JDBC Database)
21-May-2018 11:36:04.591 INFO [localhost-startStop-1] org.apache.openejb.config.AutoConfig.logAutoCreateResource Auto-creating a Resource with id 'Default Unmanaged JDBC Database' of type 'DataSource for 'myPU'.
21-May-2018 11:36:04.591 INFO [localhost-startStop-1] org.apache.openejb.assembler.classic.Assembler.createRecipe Creating Resource(id=Default Unmanaged JDBC Database)
21-May-2018 11:36:04.613 INFO [localhost-startStop-1] org.apache.openejb.config.AutoConfig.setJtaDataSource Adjusting PersistenceUnit myPU <jta-data-source> to Resource ID 'Default JDBC Database' from 'null'
21-May-2018 11:36:04.613 INFO [localhost-startStop-1] org.apache.openejb.config.AutoConfig.setNonJtaDataSource Adjusting PersistenceUnit myPU <non-jta-data-source> to Resource ID 'Default Unmanaged JDBC Database' from 'null'
21-May-2018 11:36:04.626 INFO [localhost-startStop-1] org.apache.openejb.util.OptionsLog.info Using 'javax.persistence.provider=org.hibernate.jpa.HibernatePersistenceProvider'
21-May-2018 11:36:04.646 INFO [localhost-startStop-1] org.apache.openejb.config.AppInfoBuilder.build Enterprise application "/Users/asmitagosavi/Downloads/javaee7-angular-master/target/apache-tomee/webapps/javaee7-angular" loaded.
21-May-2018 11:36:04.654 INFO [localhost-startStop-1] org.apache.openejb.assembler.classic.Assembler.createApplication Assembling app: /Users/asmitagosavi/Downloads/javaee7-angular-master/target/apache-tomee/webapps/javaee7-angular
21-May-2018 11:36:04.761 INFO [localhost-startStop-1] org.hibernate.jpa.internal.util.LogHelper.logPersistenceUnitInformation HHH000204: Processing PersistenceUnitInfo [
	name: myPU
	...]
21-May-2018 11:36:04.968 INFO [localhost-startStop-1] org.hibernate.Version.logVersion HHH000412: Hibernate Core {5.2.0.Final}
21-May-2018 11:36:04.970 INFO [localhost-startStop-1] org.hibernate.cfg.Environment.<clinit> HHH000206: hibernate.properties not found
21-May-2018 11:36:04.972 INFO [localhost-startStop-1] org.hibernate.cfg.Environment.buildBytecodeProvider HHH000021: Bytecode provider name : javassist
21-May-2018 11:36:05.049 INFO [localhost-startStop-1] org.hibernate.annotations.common.reflection.java.JavaReflectionManager.<clinit> HCANN000001: Hibernate Commons Annotations {5.0.1.Final}
21-May-2018 11:36:05.330 INFO [localhost-startStop-1] org.hibernate.dialect.Dialect.<init> HHH000400: Using dialect: org.hibernate.dialect.HSQLDialect
21-May-2018 11:36:06.288 WARN [localhost-startStop-1] org.hibernate.tool.schema.internal.ExceptionHandlerLoggedImpl.handleException GenerationTarget encountered exception accepting command : Unable to execute command [DROP TABLE PERSON]
 org.hibernate.tool.schema.spi.CommandAcceptanceException: Unable to execute command [DROP TABLE PERSON]
	at org.hibernate.tool.schema.internal.exec.GenerationTargetToDatabase.accept(GenerationTargetToDatabase.java:63)
	at org.hibernate.tool.schema.internal.SchemaDropperImpl.applySqlString(SchemaDropperImpl.java:370)
	at org.hibernate.tool.schema.internal.SchemaDropperImpl.dropFromScript(SchemaDropperImpl.java:174)
	at org.hibernate.tool.schema.internal.SchemaDropperImpl.performDrop(SchemaDropperImpl.java:150)
	at org.hibernate.tool.schema.internal.SchemaDropperImpl.doDrop(SchemaDropperImpl.java:125)
	at org.hibernate.tool.schema.internal.SchemaDropperImpl.doDrop(SchemaDropperImpl.java:111)
	at org.hibernate.tool.schema.spi.SchemaManagementToolCoordinator.performDatabaseAction(SchemaManagementToolCoordinator.java:137)
	at org.hibernate.tool.schema.spi.SchemaManagementToolCoordinator.process(SchemaManagementToolCoordinator.java:65)
	at org.hibernate.internal.SessionFactoryImpl.<init>(SessionFactoryImpl.java:308)
	at org.hibernate.boot.internal.SessionFactoryBuilderImpl.build(SessionFactoryBuilderImpl.java:476)
	at org.hibernate.jpa.boot.internal.EntityManagerFactoryBuilderImpl.build(EntityManagerFactoryBuilderImpl.java:888)
	at org.hibernate.jpa.HibernatePersistenceProvider.createContainerEntityManagerFactory(HibernatePersistenceProvider.java:151)
	at org.apache.openejb.assembler.classic.EntityManagerFactoryCallable.call(EntityManagerFactoryCallable.java:64)
	at org.apache.openejb.assembler.classic.ReloadableEntityManagerFactory.createDelegate(ReloadableEntityManagerFactory.java:119)
	at org.apache.openejb.assembler.classic.ReloadableEntityManagerFactory.<init>(ReloadableEntityManagerFactory.java:105)
	at org.apache.openejb.assembler.classic.PersistenceBuilder.createEntityManagerFactory(PersistenceBuilder.java:155)
	at org.apache.openejb.assembler.classic.Assembler.createApplication(Assembler.java:864)
	at org.apache.openejb.assembler.classic.Assembler.createApplication(Assembler.java:717)
	at org.apache.tomee.catalina.TomcatWebAppBuilder.startInternal(TomcatWebAppBuilder.java:1257)
	at org.apache.tomee.catalina.TomcatWebAppBuilder.configureStart(TomcatWebAppBuilder.java:1115)
	at org.apache.tomee.catalina.GlobalListenerSupport.lifecycleEvent(GlobalListenerSupport.java:133)
	at org.apache.catalina.util.LifecycleBase.fireLifecycleEvent(LifecycleBase.java:94)
	at org.apache.catalina.core.StandardContext.startInternal(StandardContext.java:5076)
	at org.apache.catalina.util.LifecycleBase.start(LifecycleBase.java:152)
	at org.apache.catalina.core.ContainerBase.addChildInternal(ContainerBase.java:726)
	at org.apache.catalina.core.ContainerBase.addChild(ContainerBase.java:702)
	at org.apache.catalina.core.StandardHost.addChild(StandardHost.java:734)
	at org.apache.catalina.startup.HostConfig.deployWAR(HostConfig.java:952)
	at org.apache.catalina.startup.HostConfig$DeployWar.run(HostConfig.java:1823)
	at java.util.concurrent.Executors$RunnableAdapter.call(Executors.java:511)
	at java.util.concurrent.FutureTask.run(FutureTask.java:266)
	at java.util.concurrent.ThreadPoolExecutor.runWorker(ThreadPoolExecutor.java:1142)
	at java.util.concurrent.ThreadPoolExecutor$Worker.run(ThreadPoolExecutor.java:617)
	at java.lang.Thread.run(Thread.java:745)
Caused by: java.sql.SQLSyntaxErrorException: user lacks privilege or object not found: PERSON in statement [DROP TABLE PERSON]
	at org.hsqldb.jdbc.JDBCUtil.sqlException(Unknown Source)
	at org.hsqldb.jdbc.JDBCUtil.sqlException(Unknown Source)
	at org.hsqldb.jdbc.JDBCStatement.fetchResult(Unknown Source)
	at org.hsqldb.jdbc.JDBCStatement.execute(Unknown Source)
	at org.hibernate.tool.schema.internal.exec.GenerationTargetToDatabase.accept(GenerationTargetToDatabase.java:51)
	... 33 more
Caused by: org.hsqldb.HsqlException: user lacks privilege or object not found: PERSON
	at org.hsqldb.error.Error.error(Unknown Source)
	at org.hsqldb.error.Error.error(Unknown Source)
	at org.hsqldb.StatementSchema.getResult(Unknown Source)
	at org.hsqldb.StatementSchema.execute(Unknown Source)
	at org.hsqldb.Session.executeCompiledStatement(Unknown Source)
	at org.hsqldb.Session.executeDirectStatement(Unknown Source)
	at org.hsqldb.Session.execute(Unknown Source)
	... 36 more

21-May-2018 11:36:06.288 WARN [localhost-startStop-1] org.hibernate.tool.schema.internal.ExceptionHandlerLoggedImpl.handleException GenerationTarget encountered exception accepting command : Unable to execute command [DROP SEQUENCE ID]
 org.hibernate.tool.schema.spi.CommandAcceptanceException: Unable to execute command [DROP SEQUENCE ID]
	at org.hibernate.tool.schema.internal.exec.GenerationTargetToDatabase.accept(GenerationTargetToDatabase.java:63)
	at org.hibernate.tool.schema.internal.SchemaDropperImpl.applySqlString(SchemaDropperImpl.java:370)
	at org.hibernate.tool.schema.internal.SchemaDropperImpl.dropFromScript(SchemaDropperImpl.java:174)
	at org.hibernate.tool.schema.internal.SchemaDropperImpl.performDrop(SchemaDropperImpl.java:150)
	at org.hibernate.tool.schema.internal.SchemaDropperImpl.doDrop(SchemaDropperImpl.java:125)
	at org.hibernate.tool.schema.internal.SchemaDropperImpl.doDrop(SchemaDropperImpl.java:111)
	at org.hibernate.tool.schema.spi.SchemaManagementToolCoordinator.performDatabaseAction(SchemaManagementToolCoordinator.java:137)
	at org.hibernate.tool.schema.spi.SchemaManagementToolCoordinator.process(SchemaManagementToolCoordinator.java:65)
	at org.hibernate.internal.SessionFactoryImpl.<init>(SessionFactoryImpl.java:308)
	at org.hibernate.boot.internal.SessionFactoryBuilderImpl.build(SessionFactoryBuilderImpl.java:476)
	at org.hibernate.jpa.boot.internal.EntityManagerFactoryBuilderImpl.build(EntityManagerFactoryBuilderImpl.java:888)
	at org.hibernate.jpa.HibernatePersistenceProvider.createContainerEntityManagerFactory(HibernatePersistenceProvider.java:151)
	at org.apache.openejb.assembler.classic.EntityManagerFactoryCallable.call(EntityManagerFactoryCallable.java:64)
	at org.apache.openejb.assembler.classic.ReloadableEntityManagerFactory.createDelegate(ReloadableEntityManagerFactory.java:119)
	at org.apache.openejb.assembler.classic.ReloadableEntityManagerFactory.<init>(ReloadableEntityManagerFactory.java:105)
	at org.apache.openejb.assembler.classic.PersistenceBuilder.createEntityManagerFactory(PersistenceBuilder.java:155)
	at org.apache.openejb.assembler.classic.Assembler.createApplication(Assembler.java:864)
	at org.apache.openejb.assembler.classic.Assembler.createApplication(Assembler.java:717)
	at org.apache.tomee.catalina.TomcatWebAppBuilder.startInternal(TomcatWebAppBuilder.java:1257)
	at org.apache.tomee.catalina.TomcatWebAppBuilder.configureStart(TomcatWebAppBuilder.java:1115)
	at org.apache.tomee.catalina.GlobalListenerSupport.lifecycleEvent(GlobalListenerSupport.java:133)
	at org.apache.catalina.util.LifecycleBase.fireLifecycleEvent(LifecycleBase.java:94)
	at org.apache.catalina.core.StandardContext.startInternal(StandardContext.java:5076)
	at org.apache.catalina.util.LifecycleBase.start(LifecycleBase.java:152)
	at org.apache.catalina.core.ContainerBase.addChildInternal(ContainerBase.java:726)
	at org.apache.catalina.core.ContainerBase.addChild(ContainerBase.java:702)
	at org.apache.catalina.core.StandardHost.addChild(StandardHost.java:734)
	at org.apache.catalina.startup.HostConfig.deployWAR(HostConfig.java:952)
	at org.apache.catalina.startup.HostConfig$DeployWar.run(HostConfig.java:1823)
	at java.util.concurrent.Executors$RunnableAdapter.call(Executors.java:511)
	at java.util.concurrent.FutureTask.run(FutureTask.java:266)
	at java.util.concurrent.ThreadPoolExecutor.runWorker(ThreadPoolExecutor.java:1142)
	at java.util.concurrent.ThreadPoolExecutor$Worker.run(ThreadPoolExecutor.java:617)
	at java.lang.Thread.run(Thread.java:745)
Caused by: java.sql.SQLSyntaxErrorException: user lacks privilege or object not found: ID in statement [DROP SEQUENCE ID]
	at org.hsqldb.jdbc.JDBCUtil.sqlException(Unknown Source)
	at org.hsqldb.jdbc.JDBCUtil.sqlException(Unknown Source)
	at org.hsqldb.jdbc.JDBCStatement.fetchResult(Unknown Source)
	at org.hsqldb.jdbc.JDBCStatement.execute(Unknown Source)
	at org.hibernate.tool.schema.internal.exec.GenerationTargetToDatabase.accept(GenerationTargetToDatabase.java:51)
	... 33 more
Caused by: org.hsqldb.HsqlException: user lacks privilege or object not found: ID
	at org.hsqldb.error.Error.error(Unknown Source)
	at org.hsqldb.error.Error.error(Unknown Source)
	at org.hsqldb.StatementSchema.getResult(Unknown Source)
	at org.hsqldb.StatementSchema.execute(Unknown Source)
	at org.hsqldb.Session.executeCompiledStatement(Unknown Source)
	at org.hsqldb.Session.executeDirectStatement(Unknown Source)
	at org.hsqldb.Session.execute(Unknown Source)
	... 36 more

21-May-2018 11:36:06.295 INFO [localhost-startStop-1] org.hibernate.tool.schema.internal.SchemaCreatorImpl.applyImportSources HHH000476: Executing import script 'ScriptSourceInputFromUrl(file:/Users/asmitagosavi/Downloads/javaee7-angular-master/target/apache-tomee/webapps/javaee7-angular/WEB-INF/classes/sql/load.sql)'
21-May-2018 11:36:06.305 INFO [localhost-startStop-1] org.hibernate.tool.schema.internal.SchemaCreatorImpl.applyImportSources HHH000476: Executing import script 'org.hibernate.tool.schema.internal.exec.ScriptSourceInputNonExistentImpl@69518810'
21-May-2018 11:36:06.313 INFO [localhost-startStop-1] org.apache.openejb.assembler.classic.ReloadableEntityManagerFactory.createDelegate PersistenceUnit(name=myPU, provider=org.hibernate.jpa.HibernatePersistenceProvider) - provider time 1629ms
21-May-2018 11:36:06.390 INFO [localhost-startStop-1] org.apache.openejb.assembler.classic.JndiBuilder.bind Jndi(name=PersonResourceLocalBean) --> Ejb(deployment-id=PersonResource)
21-May-2018 11:36:06.391 INFO [localhost-startStop-1] org.apache.openejb.assembler.classic.JndiBuilder.bind Jndi(name=global/javaee7-angular/PersonResource!com.cortez.samples.javaee7angular.rest.PersonResource) --> Ejb(deployment-id=PersonResource)
21-May-2018 11:36:06.392 INFO [localhost-startStop-1] org.apache.openejb.assembler.classic.JndiBuilder.bind Jndi(name=global/javaee7-angular/PersonResource) --> Ejb(deployment-id=PersonResource)
21-May-2018 11:36:06.422 INFO [localhost-startStop-1] org.apache.openejb.cdi.CdiBuilder.initSingleton Existing thread singleton service in SystemInstance(): org.apache.openejb.cdi.ThreadSingletonServiceImpl@1a052a00
21-May-2018 11:36:06.550 INFO [localhost-startStop-1] org.apache.openejb.cdi.OpenEJBLifecycle.startApplication OpenWebBeans Container is starting...
21-May-2018 11:36:06.563 INFO [localhost-startStop-1] org.apache.webbeans.plugins.PluginLoader.startUp Adding OpenWebBeansPlugin : [CdiPlugin]
21-May-2018 11:36:06.563 INFO [localhost-startStop-1] org.apache.webbeans.plugins.PluginLoader.startUp Adding OpenWebBeansPlugin : [OpenWebBeansJsfPlugin]
21-May-2018 11:36:06.566 INFO [localhost-startStop-1] org.apache.openejb.cdi.CdiScanner.handleBda Using annotated mode for file:/Users/asmitagosavi/Downloads/javaee7-angular-master/target/apache-tomee/webapps/javaee7-angular/WEB-INF/classes/ looking all classes to find CDI beans, maybe think to add a beans.xml if not there or add the jar to exclusions.list
21-May-2018 11:36:06.817 INFO [localhost-startStop-1] org.apache.webbeans.config.BeansDeployer.validateInjectionPoints All injection points were validated successfully.
21-May-2018 11:36:06.822 INFO [localhost-startStop-1] org.apache.openejb.cdi.OpenEJBLifecycle.startApplication OpenWebBeans Container has started, it took 271 ms.
21-May-2018 11:36:06.830 INFO [localhost-startStop-1] org.apache.openejb.assembler.classic.Assembler.startEjbs Created Ejb(deployment-id=PersonResource, ejb-name=PersonResource, container=Default Stateless Container)
21-May-2018 11:36:06.853 INFO [localhost-startStop-1] org.apache.openejb.assembler.classic.Assembler.startEjbs Started Ejb(deployment-id=PersonResource, ejb-name=PersonResource, container=Default Stateless Container)
21-May-2018 11:36:06.862 INFO [localhost-startStop-1] org.apache.openejb.assembler.classic.Assembler.createApplication Deployed Application(path=/Users/asmitagosavi/Downloads/javaee7-angular-master/target/apache-tomee/webapps/javaee7-angular)
21-May-2018 11:36:07.038 INFO [localhost-startStop-1] sun.reflect.DelegatingMethodAccessorImpl.invoke At least one JAR was scanned for TLDs yet contained no TLDs. Enable debug logging for this logger for a complete list of JARs that were scanned but no TLDs were found in them. Skipping unneeded JARs during scanning can improve startup time and JSP compilation time.
21-May-2018 11:36:07.326 INFO [localhost-startStop-1] org.apache.openejb.server.cxf.rs.CxfRsHttpListener.deployApplication Using readers:
21-May-2018 11:36:07.327 INFO [localhost-startStop-1] org.apache.openejb.server.cxf.rs.CxfRsHttpListener.deployApplication      org.apache.cxf.jaxrs.provider.PrimitiveTextProvider@96f589b
21-May-2018 11:36:07.327 INFO [localhost-startStop-1] org.apache.openejb.server.cxf.rs.CxfRsHttpListener.deployApplication      org.apache.cxf.jaxrs.provider.FormEncodingProvider@3c9fe7b9
21-May-2018 11:36:07.328 INFO [localhost-startStop-1] org.apache.openejb.server.cxf.rs.CxfRsHttpListener.deployApplication      org.apache.cxf.jaxrs.provider.MultipartProvider@1f4932aa
21-May-2018 11:36:07.328 INFO [localhost-startStop-1] org.apache.openejb.server.cxf.rs.CxfRsHttpListener.deployApplication      org.apache.cxf.jaxrs.provider.SourceProvider@e1dc592
21-May-2018 11:36:07.328 INFO [localhost-startStop-1] org.apache.openejb.server.cxf.rs.CxfRsHttpListener.deployApplication      org.apache.cxf.jaxrs.provider.JAXBElementProvider@7c7944f8
21-May-2018 11:36:07.328 INFO [localhost-startStop-1] org.apache.openejb.server.cxf.rs.CxfRsHttpListener.deployApplication      org.apache.openejb.server.cxf.rs.CxfRSService$TomEEJohnzonProvider@5e2c5b9b
21-May-2018 11:36:07.329 INFO [localhost-startStop-1] org.apache.openejb.server.cxf.rs.CxfRsHttpListener.deployApplication      org.apache.openejb.server.cxf.rs.CxfRSService$TomEEJsonpProvider@25f17b79
21-May-2018 11:36:07.329 INFO [localhost-startStop-1] org.apache.openejb.server.cxf.rs.CxfRsHttpListener.deployApplication      org.apache.cxf.jaxrs.provider.StringTextProvider@25b891e1
21-May-2018 11:36:07.329 INFO [localhost-startStop-1] org.apache.openejb.server.cxf.rs.CxfRsHttpListener.deployApplication      org.apache.cxf.jaxrs.provider.BinaryDataProvider@5660be4d
21-May-2018 11:36:07.329 INFO [localhost-startStop-1] org.apache.openejb.server.cxf.rs.CxfRsHttpListener.deployApplication      org.apache.cxf.jaxrs.provider.DataSourceProvider@6a2cc799
21-May-2018 11:36:07.329 INFO [localhost-startStop-1] org.apache.openejb.server.cxf.rs.CxfRsHttpListener.deployApplication Using writers:
21-May-2018 11:36:07.329 INFO [localhost-startStop-1] org.apache.openejb.server.cxf.rs.CxfRsHttpListener.deployApplication      org.apache.johnzon.jaxrs.WadlDocumentMessageBodyWriter@44284316
21-May-2018 11:36:07.329 INFO [localhost-startStop-1] org.apache.openejb.server.cxf.rs.CxfRsHttpListener.deployApplication      org.apache.cxf.jaxrs.provider.StringTextProvider@25b891e1
21-May-2018 11:36:07.329 INFO [localhost-startStop-1] org.apache.openejb.server.cxf.rs.CxfRsHttpListener.deployApplication      org.apache.cxf.jaxrs.provider.PrimitiveTextProvider@96f589b
21-May-2018 11:36:07.329 INFO [localhost-startStop-1] org.apache.openejb.server.cxf.rs.CxfRsHttpListener.deployApplication      org.apache.cxf.jaxrs.provider.FormEncodingProvider@3c9fe7b9
21-May-2018 11:36:07.330 INFO [localhost-startStop-1] org.apache.openejb.server.cxf.rs.CxfRsHttpListener.deployApplication      org.apache.cxf.jaxrs.provider.MultipartProvider@1f4932aa
21-May-2018 11:36:07.330 INFO [localhost-startStop-1] org.apache.openejb.server.cxf.rs.CxfRsHttpListener.deployApplication      org.apache.cxf.jaxrs.provider.SourceProvider@e1dc592
21-May-2018 11:36:07.330 INFO [localhost-startStop-1] org.apache.openejb.server.cxf.rs.CxfRsHttpListener.deployApplication      org.apache.cxf.jaxrs.provider.JAXBElementProvider@7c7944f8
21-May-2018 11:36:07.330 INFO [localhost-startStop-1] org.apache.openejb.server.cxf.rs.CxfRsHttpListener.deployApplication      org.apache.openejb.server.cxf.rs.CxfRSService$TomEEJohnzonProvider@5e2c5b9b
21-May-2018 11:36:07.330 INFO [localhost-startStop-1] org.apache.openejb.server.cxf.rs.CxfRsHttpListener.deployApplication      org.apache.openejb.server.cxf.rs.CxfRSService$TomEEJsonpProvider@25f17b79
21-May-2018 11:36:07.330 INFO [localhost-startStop-1] org.apache.openejb.server.cxf.rs.CxfRsHttpListener.deployApplication      org.apache.cxf.jaxrs.provider.BinaryDataProvider@5660be4d
21-May-2018 11:36:07.330 INFO [localhost-startStop-1] org.apache.openejb.server.cxf.rs.CxfRsHttpListener.deployApplication      org.apache.cxf.jaxrs.provider.DataSourceProvider@6a2cc799
21-May-2018 11:36:07.330 INFO [localhost-startStop-1] org.apache.openejb.server.cxf.rs.CxfRsHttpListener.deployApplication Using exception mappers:
21-May-2018 11:36:07.330 INFO [localhost-startStop-1] org.apache.openejb.server.cxf.rs.CxfRsHttpListener.deployApplication      org.apache.cxf.jaxrs.impl.WebApplicationExceptionMapper@32cc459f
21-May-2018 11:36:07.330 INFO [localhost-startStop-1] org.apache.openejb.server.cxf.rs.CxfRsHttpListener.deployApplication      org.apache.openejb.server.cxf.rs.EJBExceptionMapper@75be3c90
21-May-2018 11:36:07.330 INFO [localhost-startStop-1] org.apache.openejb.server.cxf.rs.CxfRsHttpListener.deployApplication      org.apache.cxf.jaxrs.validation.ValidationExceptionMapper@47117cb5
21-May-2018 11:36:07.337 INFO [localhost-startStop-1] org.apache.openejb.server.cxf.rs.CxfRsHttpListener.logEndpoints REST Application: http://localhost:8080/javaee7-angular/resources              -> com.cortez.samples.javaee7angular.rest.PersonResource@4a37df3
21-May-2018 11:36:07.345 INFO [localhost-startStop-1] org.apache.openejb.server.cxf.rs.CxfRsHttpListener.logEndpoints      Service URI: http://localhost:8080/javaee7-angular/resources/persons      ->  EJB com.cortez.samples.javaee7angular.rest.PersonResource
21-May-2018 11:36:07.345 INFO [localhost-startStop-1] org.apache.openejb.server.cxf.rs.CxfRsHttpListener.logEndpoints            DELETE http://localhost:8080/javaee7-angular/resources/persons/{id} ->      void deletePerson(Long)                                  
21-May-2018 11:36:07.347 INFO [localhost-startStop-1] org.apache.openejb.server.cxf.rs.CxfRsHttpListener.logEndpoints               GET http://localhost:8080/javaee7-angular/resources/persons/     ->      PaginatedListWrapper listPersons(Integer, String, String)
21-May-2018 11:36:07.348 INFO [localhost-startStop-1] org.apache.openejb.server.cxf.rs.CxfRsHttpListener.logEndpoints               GET http://localhost:8080/javaee7-angular/resources/persons/{id} ->      Person getPerson(Long)                                   
21-May-2018 11:36:07.349 INFO [localhost-startStop-1] org.apache.openejb.server.cxf.rs.CxfRsHttpListener.logEndpoints              POST http://localhost:8080/javaee7-angular/resources/persons/     ->      Person savePerson(Person)                                
21-May-2018 11:36:07.407 INFO [localhost-startStop-1] sun.reflect.DelegatingMethodAccessorImpl.invoke Deployment of web application archive /Users/asmitagosavi/Downloads/javaee7-angular-master/target/apache-tomee/webapps/javaee7-angular.war has finished in 3,792 ms
21-May-2018 11:36:07.419 INFO [Catalina-startStop-1] org.apache.catalina.core.StandardContext.setClassLoaderProperty Unable to set the web application class loader property [clearReferencesRmiTargets] to [true] as the property does not exist.
21-May-2018 11:36:07.460 INFO [main] sun.reflect.DelegatingMethodAccessorImpl.invoke Starting ProtocolHandler [http-nio-8080]
21-May-2018 11:36:07.467 INFO [main] sun.reflect.DelegatingMethodAccessorImpl.invoke Starting ProtocolHandler [ajp-nio-8009]
21-May-2018 11:36:07.468 INFO [main] sun.reflect.DelegatingMethodAccessorImpl.invoke Server startup in 3911 ms
21-May-2018 11:36:14.188 INFO [http-nio-8080-exec-6] org.hibernate.hql.internal.QueryTranslatorFactoryInitiator.initiateService HHH000397: Using ASTQueryTranslatorFactory
