/*C1*/SET SCHEMA SYSTEM_LOBS
INSERT INTO BLOCKS VALUES(0,2147483647,0)
COMMIT
/*C11*/SET SCHEMA PUBLIC
CREATE SEQUENCE ID START WITH 100
CREATE TABLE PERSON("ID" INTEGER not null primary key, "NAME" VARCHAR(50), "DESCRIPTION" VARCHAR(100), "IMAGEURL" VARCHAR(500))
INSERT INTO PERSON VALUES(1,'Uzumaki Naruto','Konoha','http://img1.wikia.nocookie.net/__cb20140523045537/naruto/images/thumb/3/36/Naruto_Uzumaki.png/300px-Naruto_Uzumaki.png')
COMMIT
INSERT INTO PERSON VALUES(2,'Hatake Kakashi','Konoha','http://img1.wikia.nocookie.net/__cb20140616090940/naruto/images/thumb/b/b3/KakashiHatake.png/300px-KakashiHatake.png')
COMMIT
INSERT INTO PERSON VALUES(3,'Haruno Sakura','Konoha','http://vignette2.wikia.nocookie.net/naruto/images/b/ba/Sakurap2.png/revision/latest/scale-to-width-down/300?cb=20150825101949')
COMMIT
INSERT INTO PERSON VALUES(4,'Uchiha Sasuke','Missing-nin','http://vignette1.wikia.nocookie.net/naruto/images/9/98/Sasuke_p2_headshot.png/revision/latest?cb=20150110232732')
COMMIT
INSERT INTO PERSON VALUES(5,'Gaara','Sunagakure','http://img3.wikia.nocookie.net/__cb20130910220958/naruto/images/thumb/0/0f/Gaara_Part_II.png/300px-Gaara_Part_II.png')
COMMIT
INSERT INTO PERSON VALUES(6,'Killer Bee','Kumogakure','http://vignette3.wikia.nocookie.net/naruto/images/6/63/Killer_B.png/revision/latest/scale-to-width-down/300?cb=20150917075056')
COMMIT
INSERT INTO PERSON VALUES(7,'Jiraya','Konoha','http://img2.wikia.nocookie.net/__cb20120925123905/naruto/images/thumb/2/21/Profile_Jiraiya.PNG/300px-Profile_Jiraiya.PNG')
COMMIT
INSERT INTO PERSON VALUES(8,'Namikaze Minato','Konoha','http://img4.wikia.nocookie.net/__cb20140209115534/naruto/images/thumb/1/1f/Minato_Namikaze.PNG/300px-Minato_Namikaze.PNG')
COMMIT
INSERT INTO PERSON VALUES(9,'Uchiha Madara','Missing-nin','http://vignette3.wikia.nocookie.net/naruto/images/0/0c/Madara_img2.png/revision/latest?cb=20160115141947')
COMMIT
INSERT INTO PERSON VALUES(10,'Senju Hashirama','Konoha','http://img2.wikia.nocookie.net/__cb20120915132454/naruto/images/thumb/7/7e/Hashirama_Senju.png/300px-Hashirama_Senju.png')
COMMIT
INSERT INTO PERSON VALUES(11,'Might Guy','Konoha','http://img1.wikia.nocookie.net/__cb20150401084456/naruto/images/3/31/Might_Guy.png')
COMMIT
INSERT INTO PERSON VALUES(12,'Hyuga Neji','Konoha','http://img1.wikia.nocookie.net/__cb20150123214015/naruto/images/6/63/Neji_Part_2.png')
COMMIT
INSERT INTO PERSON VALUES(13,'Rock Lee','Konoha','http://img1.wikia.nocookie.net/__cb20131029112352/naruto/images/thumb/7/7d/Lee_timeskip.png/300px-Lee_timeskip.png')
COMMIT
INSERT INTO PERSON VALUES(14,'Uchiha Obito','Missing-nin','http://vignette4.wikia.nocookie.net/naruto/images/4/4a/Obito_Uchiha.png/revision/latest?cb=20160312115221')
COMMIT
INSERT INTO PERSON VALUES(15,'Kurama','Tailed Beast','http://img1.wikia.nocookie.net/__cb20140818171718/naruto/images/thumb/7/7b/Kurama2.png/300px-Kurama2.png')
COMMIT
INSERT INTO PERSON VALUES(16,'Uzumaki Kushina','Konoha','http://img4.wikia.nocookie.net/__cb20121006054451/naruto/images/thumb/4/4d/Kushina_2.png/300px-Kushina_2.png')
COMMIT
INSERT INTO PERSON VALUES(17,'Nara Shikamaru','Konoha','http://img1.wikia.nocookie.net/__cb20130917013425/naruto/images/thumb/9/9a/Shikamaru_Nara.png/300px-Shikamaru_Nara.png')
COMMIT
INSERT INTO PERSON VALUES(18,'Sarutobi Hiruzen','Konoha','http://img4.wikia.nocookie.net/__cb20120912121115/naruto/images/thumb/e/e4/Hiruzen_Sarutobi.png/300px-Hiruzen_Sarutobi.png')
COMMIT
INSERT INTO PERSON VALUES(19,'Tsunade','Konoha','http://img4.wikia.nocookie.net/__cb20150108211132/naruto/images/b/b3/Tsunade_infobox2.png')
COMMIT
INSERT INTO PERSON VALUES(20,'Orochimaru','Missing-nin','http://vignette2.wikia.nocookie.net/naruto/images/1/14/Orochimaru_Infobox.png/revision/latest/scale-to-width-down/300?cb=20150925223113')
COMMIT
INSERT INTO PERSON VALUES(21,'Uchicha Itachi','Missing-nin','http://vignette2.wikia.nocookie.net/naruto/images/b/bb/Itachi.png/revision/latest/scale-to-width-down/300?cb=20150602102445')
COMMIT
INSERT INTO PERSON VALUES(51,'Asmita Gosavi','twitter angular app','https://encrypted-tbn0.gstatic.com/images?q=tbn:ANd9GcRHsa0lzKojy4xpivA6LtHotjhH_UgOxOlV-DFle4EpZGk2juMa')
COMMIT
ALTER SEQUENCE PUBLIC.ID RESTART WITH 101
